<?xml version="1.0" encoding="UTF-8"?>
<coverage generated="1564698687089" clover="3.2.0">
  <project timestamp="1564698687089" name="All files">
    <metrics statements="16" coveredstatements="13" conditionals="10" coveredconditionals="8" methods="11" coveredmethods="8" elements="37" coveredelements="29" complexity="0" loc="16" ncloc="16" packages="1" files="1" classes="1"/>
    <file name="lib.js" path="C:\Users\SFithian\Documents\GitHub\talentpath-track-6\hangman-jest\lib.js">
      <metrics statements="16" coveredstatements="13" conditionals="10" coveredconditionals="8" methods="11" coveredmethods="8"/>
      <line num="1" count="1" type="stmt"/>
      <line num="9" count="5" type="stmt"/>
      <line num="18" count="3" type="stmt"/>
      <line num="27" count="6" type="cond" truecount="2" falsecount="0"/>
      <line num="28" count="3" type="stmt"/>
      <line num="30" count="3" type="stmt"/>
      <line num="41" count="0" type="stmt"/>
      <line num="42" count="0" type="cond" truecount="0" falsecount="2"/>
      <line num="52" count="7" type="stmt"/>
      <line num="62" count="0" type="stmt"/>
      <line num="70" count="3" type="stmt"/>
      <line num="80" count="7" type="cond" truecount="4" falsecount="0"/>
      <line num="81" count="5" type="stmt"/>
      <line num="83" count="2" type="stmt"/>
      <line num="91" count="1" type="stmt"/>
      <line num="94" count="1" type="stmt"/>
    </file>
  </project>
</coverage>
