<?xml version="1.0" encoding="UTF-8"?>
<coverage generated="1564700808203" clover="3.2.0">
  <project timestamp="1564700808203" name="All files">
    <metrics statements="31" coveredstatements="21" conditionals="20" coveredconditionals="13" methods="12" coveredmethods="9" elements="63" coveredelements="43" complexity="0" loc="31" ncloc="31" packages="1" files="2" classes="2"/>
    <file name="hangman.js" path="C:\Users\SFithian\Documents\GitHub\talentpath-track-6\hangman-jest\hangman.js">
      <metrics statements="15" coveredstatements="8" conditionals="10" coveredconditionals="5" methods="1" coveredmethods="1"/>
      <line num="9" count="1" type="stmt"/>
      <line num="18" count="1" type="stmt"/>
      <line num="25" count="2" type="cond" truecount="2" falsecount="0"/>
      <line num="26" count="1" type="stmt"/>
      <line num="27" count="1" type="stmt"/>
      <line num="30" count="1" type="cond" truecount="1" falsecount="1"/>
      <line num="31" count="1" type="stmt"/>
      <line num="32" count="1" type="stmt"/>
      <line num="35" count="0" type="stmt"/>
      <line num="37" count="0" type="stmt"/>
      <line num="39" count="0" type="cond" truecount="0" falsecount="2"/>
      <line num="40" count="0" type="stmt"/>
      <line num="41" count="0" type="stmt"/>
      <line num="48" count="0" type="stmt"/>
      <line num="49" count="0" type="stmt"/>
    </file>
    <file name="lib.js" path="C:\Users\SFithian\Documents\GitHub\talentpath-track-6\hangman-jest\lib.js">
      <metrics statements="16" coveredstatements="13" conditionals="10" coveredconditionals="8" methods="11" coveredmethods="8"/>
      <line num="1" count="2" type="stmt"/>
      <line num="9" count="10" type="stmt"/>
      <line num="18" count="3" type="stmt"/>
      <line num="27" count="6" type="cond" truecount="2" falsecount="0"/>
      <line num="28" count="3" type="stmt"/>
      <line num="30" count="3" type="stmt"/>
      <line num="41" count="0" type="stmt"/>
      <line num="42" count="0" type="cond" truecount="0" falsecount="2"/>
      <line num="52" count="7" type="stmt"/>
      <line num="62" count="0" type="stmt"/>
      <line num="70" count="3" type="stmt"/>
      <line num="80" count="7" type="cond" truecount="4" falsecount="0"/>
      <line num="81" count="5" type="stmt"/>
      <line num="83" count="2" type="stmt"/>
      <line num="91" count="3" type="stmt"/>
      <line num="94" count="2" type="stmt"/>
    </file>
  </project>
</coverage>
