{
  "C:\\Users\\SFithian\\Documents\\GitHub\\talentpath-track-6\\hangman-jest\\lib.js": {
    "path": "C:\\Users\\SFithian\\Documents\\GitHub\\talentpath-track-6\\hangman-jest\\lib.js",
    "statementMap": {
      "0": { "start": { "line": 1, "column": 21 }, "end": { "line": 1, "column": 45 } },
      "1": { "start": { "line": 9, "column": 2 }, "end": { "line": 9, "column": 51 } },
      "2": { "start": { "line": 9, "column": 35 }, "end": { "line": 9, "column": 49 } },
      "3": { "start": { "line": 18, "column": 2 }, "end": { "line": 18, "column": 57 } },
      "4": { "start": { "line": 27, "column": 2 }, "end": { "line": 29, "column": 3 } },
      "5": { "start": { "line": 28, "column": 4 }, "end": { "line": 28, "column": 14 } },
      "6": { "start": { "line": 30, "column": 2 }, "end": { "line": 30, "column": 37 } },
      "7": { "start": { "line": 41, "column": 2 }, "end": { "line": 43, "column": 4 } },
      "8": { "start": { "line": 42, "column": 4 }, "end": { "line": 42, "column": 58 } },
      "9": { "start": { "line": 52, "column": 2 }, "end": { "line": 52, "column": 29 } },
      "10": { "start": { "line": 62, "column": 2 }, "end": { "line": 62, "column": 31 } },
      "11": { "start": { "line": 70, "column": 2 }, "end": { "line": 70, "column": 51 } },
      "12": { "start": { "line": 80, "column": 2 }, "end": { "line": 82, "column": 3 } },
      "13": { "start": { "line": 81, "column": 4 }, "end": { "line": 81, "column": 33 } },
      "14": { "start": { "line": 83, "column": 2 }, "end": { "line": 83, "column": 18 } },
      "15": { "start": { "line": 91, "column": 2 }, "end": { "line": 91, "column": 22 } },
      "16": { "start": { "line": 94, "column": 0 }, "end": { "line": 104, "column": 2 } }
    },
    "fnMap": {
      "0": {
        "name": "isWordSolved",
        "decl": {
          "start": { "line": 8, "column": 9 },
          "end": { "line": 8, "column": 21 }
        },
        "loc": {
          "start": { "line": 8, "column": 33 },
          "end": { "line": 10, "column": 1 }
        },
        "line": 8
      },
      "1": {
        "name": "(anonymous_1)",
        "decl": {
          "start": { "line": 9, "column": 25 },
          "end": { "line": 9, "column": 26 }
        },
        "loc": {
          "start": { "line": 9, "column": 35 },
          "end": { "line": 9, "column": 49 }
        },
        "line": 9
      },
      "2": {
        "name": "randomlySelectWord",
        "decl": {
          "start": { "line": 17, "column": 9 },
          "end": { "line": 17, "column": 27 }
        },
        "loc": {
          "start": { "line": 17, "column": 35 },
          "end": { "line": 19, "column": 1 }
        },
        "line": 17
      },
      "3": {
        "name": "createBlankWordArray",
        "decl": {
          "start": { "line": 26, "column": 9 },
          "end": { "line": 26, "column": 29 }
        },
        "loc": {
          "start": { "line": 26, "column": 42 },
          "end": { "line": 31, "column": 1 }
        },
        "line": 26
      },
      "4": {
        "name": "fillInGuessedLetters",
        "decl": {
          "start": { "line": 40, "column": 9 },
          "end": { "line": 40, "column": 29 }
        },
        "loc": {
          "start": { "line": 40, "column": 70 },
          "end": { "line": 44, "column": 1 }
        },
        "line": 40
      },
      "5": {
        "name": "(anonymous_5)",
        "decl": {
          "start": { "line": 41, "column": 25 },
          "end": { "line": 41, "column": 26 }
        },
        "loc": {
          "start": { "line": 42, "column": 4 },
          "end": { "line": 42, "column": 58 }
        },
        "line": 42
      },
      "6": {
        "name": "stringify",
        "decl": {
          "start": { "line": 51, "column": 9 },
          "end": { "line": 51, "column": 18 }
        },
        "loc": {
          "start": { "line": 51, "column": 35 },
          "end": { "line": 53, "column": 1 }
        },
        "line": 51
      },
      "7": {
        "name": "wordIncludesLetter",
        "decl": {
          "start": { "line": 61, "column": 9 },
          "end": { "line": 61, "column": 27 }
        },
        "loc": {
          "start": { "line": 61, "column": 42 },
          "end": { "line": 63, "column": 1 }
        },
        "line": 61
      },
      "8": {
        "name": "askForALetter",
        "decl": {
          "start": { "line": 69, "column": 9 },
          "end": { "line": 69, "column": 22 }
        },
        "loc": {
          "start": { "line": 69, "column": 25 },
          "end": { "line": 71, "column": 1 }
        },
        "line": 69
      },
      "9": {
        "name": "validateInput",
        "decl": {
          "start": { "line": 79, "column": 9 },
          "end": { "line": 79, "column": 22 }
        },
        "loc": {
          "start": { "line": 79, "column": 30 },
          "end": { "line": 84, "column": 1 }
        },
        "line": 79
      },
      "10": {
        "name": "print",
        "decl": {
          "start": { "line": 90, "column": 9 },
          "end": { "line": 90, "column": 14 }
        },
        "loc": {
          "start": { "line": 90, "column": 23 },
          "end": { "line": 92, "column": 1 }
        },
        "line": 90
      }
    },
    "branchMap": {
      "0": {
        "loc": {
          "start": { "line": 26, "column": 30 },
          "end": { "line": 26, "column": 40 }
        },
        "type": "default-arg",
        "locations": [
          { "start": { "line": 26, "column": 39 }, "end": { "line": 26, "column": 40 } }
        ],
        "line": 26
      },
      "1": {
        "loc": {
          "start": { "line": 27, "column": 2 },
          "end": { "line": 29, "column": 3 }
        },
        "type": "if",
        "locations": [
          { "start": { "line": 27, "column": 2 }, "end": { "line": 29, "column": 3 } },
          { "start": { "line": 27, "column": 2 }, "end": { "line": 29, "column": 3 } }
        ],
        "line": 27
      },
      "2": {
        "loc": {
          "start": { "line": 42, "column": 4 },
          "end": { "line": 42, "column": 58 }
        },
        "type": "cond-expr",
        "locations": [
          { "start": { "line": 42, "column": 38 }, "end": { "line": 42, "column": 51 } },
          { "start": { "line": 42, "column": 54 }, "end": { "line": 42, "column": 58 } }
        ],
        "line": 42
      },
      "3": {
        "loc": {
          "start": { "line": 51, "column": 19 },
          "end": { "line": 51, "column": 33 }
        },
        "type": "default-arg",
        "locations": [
          { "start": { "line": 51, "column": 31 }, "end": { "line": 51, "column": 33 } }
        ],
        "line": 51
      },
      "4": {
        "loc": {
          "start": { "line": 80, "column": 2 },
          "end": { "line": 82, "column": 3 }
        },
        "type": "if",
        "locations": [
          { "start": { "line": 80, "column": 2 }, "end": { "line": 82, "column": 3 } },
          { "start": { "line": 80, "column": 2 }, "end": { "line": 82, "column": 3 } }
        ],
        "line": 80
      },
      "5": {
        "loc": {
          "start": { "line": 80, "column": 6 },
          "end": { "line": 80, "column": 69 }
        },
        "type": "binary-expr",
        "locations": [
          { "start": { "line": 80, "column": 6 }, "end": { "line": 80, "column": 31 } },
          { "start": { "line": 80, "column": 35 }, "end": { "line": 80, "column": 69 } }
        ],
        "line": 80
      }
    },
    "s": {
      "0": 1,
      "1": 3,
      "2": 5,
      "3": 3,
      "4": 6,
      "5": 3,
      "6": 3,
      "7": 0,
      "8": 0,
      "9": 7,
      "10": 0,
      "11": 3,
      "12": 7,
      "13": 5,
      "14": 2,
      "15": 1,
      "16": 1
    },
    "f": {
      "0": 3,
      "1": 5,
      "2": 3,
      "3": 6,
      "4": 0,
      "5": 0,
      "6": 7,
      "7": 0,
      "8": 3,
      "9": 7,
      "10": 1
    },
    "b": { "0": [1], "1": [3, 3], "2": [0, 0], "3": [1], "4": [5, 2], "5": [7, 5] },
    "_coverageSchema": "43e27e138ebf9cfc5966b082cf9a028302ed4184",
    "hash": "fe232aeeae465a713126927285c77680b6cda84f"
  }
}
