TN:
SF:C:\Users\SFithian\Documents\GitHub\talentpath-track-6\hangman-jest\lib.js
FN:8,isWordSolved
FN:9,(anonymous_1)
FN:17,randomlySelectWord
FN:26,createBlankWordArray
FN:40,fillInGuessedLetters
FN:41,(anonymous_5)
FN:51,stringify
FN:61,wordIncludesLetter
FN:69,askForALetter
FN:79,validateInput
FN:90,print
FNF:11
FNH:8
FNDA:3,isWordSolved
FNDA:5,(anonymous_1)
FNDA:3,randomlySelectWord
FNDA:6,createBlankWordArray
FNDA:0,fillInGuessedLetters
FNDA:0,(anonymous_5)
FNDA:7,stringify
FNDA:0,wordIncludesLetter
FNDA:3,askForALetter
FNDA:7,validateInput
FNDA:1,print
DA:1,1
DA:9,5
DA:18,3
DA:27,6
DA:28,3
DA:30,3
DA:41,0
DA:42,0
DA:52,7
DA:62,0
DA:70,3
DA:80,7
DA:81,5
DA:83,2
DA:91,1
DA:94,1
LF:16
LH:13
BRDA:26,0,0,1
BRDA:27,1,0,3
BRDA:27,1,1,3
BRDA:42,2,0,0
BRDA:42,2,1,0
BRDA:51,3,0,1
BRDA:80,4,0,5
BRDA:80,4,1,2
BRDA:80,5,0,7
BRDA:80,5,1,5
BRF:10
BRH:8
end_of_record
