TN:
SF:C:\Users\SFithian\Documents\GitHub\talentpath-track-6\hangman-jest\hangman.js
FN:18,(anonymous_0)
FNF:1
FNH:1
FNDA:2,(anonymous_0)
DA:9,1
DA:18,1
DA:25,2
DA:26,1
DA:27,1
DA:30,1
DA:31,1
DA:32,1
DA:35,0
DA:37,0
DA:39,0
DA:40,0
DA:41,0
DA:48,0
DA:49,0
LF:15
LH:8
BRDA:19,0,0,0
BRDA:20,1,0,0
BRDA:21,2,0,1
BRDA:22,3,0,1
BRDA:25,4,0,1
BRDA:25,4,1,1
BRDA:30,5,0,1
BRDA:30,5,1,0
BRDA:39,6,0,0
BRDA:39,6,1,0
BRF:10
BRH:5
end_of_record
TN:
SF:C:\Users\SFithian\Documents\GitHub\talentpath-track-6\hangman-jest\lib.js
FN:8,isWordSolved
FN:9,(anonymous_1)
FN:17,randomlySelectWord
FN:26,createBlankWordArray
FN:40,fillInGuessedLetters
FN:41,(anonymous_5)
FN:51,stringify
FN:61,wordIncludesLetter
FN:69,askForALetter
FN:79,validateInput
FN:90,print
FNF:11
FNH:8
FNDA:5,isWordSolved
FNDA:10,(anonymous_1)
FNDA:3,randomlySelectWord
FNDA:6,createBlankWordArray
FNDA:0,fillInGuessedLetters
FNDA:0,(anonymous_5)
FNDA:7,stringify
FNDA:0,wordIncludesLetter
FNDA:3,askForALetter
FNDA:7,validateInput
FNDA:3,print
DA:1,2
DA:9,10
DA:18,3
DA:27,6
DA:28,3
DA:30,3
DA:41,0
DA:42,0
DA:52,7
DA:62,0
DA:70,3
DA:80,7
DA:81,5
DA:83,2
DA:91,3
DA:94,2
LF:16
LH:13
BRDA:26,0,0,1
BRDA:27,1,0,3
BRDA:27,1,1,3
BRDA:42,2,0,0
BRDA:42,2,1,0
BRDA:51,3,0,1
BRDA:80,4,0,5
BRDA:80,4,1,2
BRDA:80,5,0,7
BRDA:80,5,1,5
BRF:10
BRH:8
end_of_record
